*** Using Compiler 'V5.06 update 6 (build 750)', folder: 'F:\MDK5\ARM\ARMCC\Bin'
Build target 'robot'
compiling delay.c...
compiling stm32f4xx_it.c...
compiling bsp_motor.c...
compiling board.c...
compiling drv_hwtimer.c...
compiling bsp_oled.c...
compiling app_uart.c...
compiling stm32f4_rtc.c...
compiling gpio.c...
compiling bsp_key.c...
compiling soft_timer.c...
compiling bsp_flash.c...
compiling usart.c...
compiling bsp_led.c...
..\User\drivers\bsp_led.c(7): warning:  #177-D: variable "led_stack"  was declared but never referenced
  static rt_uint8_t led_stack[ 512 ];
..\User\drivers\bsp_led.c(8): warning:  #177-D: variable "led_thread"  was declared but never referenced
  static struct rt_thread led_thread;
..\User\drivers\bsp_led.c: 2 warnings, 0 errors
compiling bsp_grayscale.c...
..\User\drivers\bsp_grayscale.c(366): warning:  #1-D: last line of file ends without a newline
  }
..\User\drivers\bsp_grayscale.c(353): warning:  #177-D: variable "SETPOINT"  was declared but never referenced
  	int SETPOINT=0;
..\User\drivers\bsp_grayscale.c: 2 warnings, 0 errors
compiling image.c...
..\User\drivers\image.c(11): warning:  #177-D: variable "temp"  was declared but never referenced
      rt_uint8_t uart_rx_data[3],temp;
..\User\drivers\image.c(87): warning:  #1-D: last line of file ends without a newline
  }
..\User\drivers\image.c: 2 warnings, 0 errors
compiling application.c...
..\User\applications\track.h(103): warning:  #1295-D: Deprecated declaration turn_right_angle - give arg types
  void turn_right_angle();//根据灰度转角
..\User\applications\application.c: 1 warning, 0 errors
compiling startup.c...
compiling map.c...
..\User\applications\track.h(103): warning:  #1295-D: Deprecated declaration turn_right_angle - give arg types
  void turn_right_angle();//根据灰度转角
..\User\applications\route_selection.h(28): warning:  #1-D: last line of file ends without a newline
  #endif
..\User\applications\map.c(22): warning:  #177-D: variable "mms"  was declared but never referenced
  	int mms=4000;
..\User\applications\map.c(81): warning:  #177-D: variable "init_thread"  was declared but never referenced
      rt_thread_t init_thread;
..\User\applications\map.c: 4 warnings, 0 errors
compiling JY61.c...
compiling route_selection.c...
..\User\applications\track.h(103): warning:  #1295-D: Deprecated declaration turn_right_angle - give arg types
  void turn_right_angle();//根据灰度转角
..\User\applications\route_selection.h(28): warning:  #1-D: last line of file ends without a newline
  #endif
..\User\applications\route_selection.c(37): warning:  #68-D: integer conversion resulted in a change of sign
  		motor_time(300,-200,-200);//倒退一段
..\User\applications\route_selection.c(37): warning:  #68-D: integer conversion resulted in a change of sign
  		motor_time(300,-200,-200);//倒退一段
..\User\applications\route_selection.c(71): warning:  #68-D: integer conversion resulted in a change of sign
  		motor_time(270,-200,-200);//倒退一段
..\User\applications\route_selection.c(71): warning:  #68-D: integer conversion resulted in a change of sign
  		motor_time(270,-200,-200);//倒退一段
..\User\applications\route_selection.c(443): warning:  #177-D: variable "ms"  was declared but never referenced
  	int ms=1000;
..\User\applications\route_selection.c(1010): warning:  #1-D: last line of file ends without a newline
  }
..\User\applications\route_selection.c: 8 warnings, 0 errors
compiling robot_ui.c...
compiling operation.c...
..\User\applications\operation.c(575): warning:  #177-D: variable "H_SETPOINT"  was declared but never referenced
  	rt_int16_t H_SETPOINT=0;
..\User\applications\operation.c: 1 warning, 0 errors
compiling robot_run.c...
..\User\applications\track.h(103): warning:  #1295-D: Deprecated declaration turn_right_angle - give arg types
  void turn_right_angle();//根据灰度转角
..\User\applications\robot_run.c: 1 warning, 0 errors
compiling track.c...
..\User\applications\track.h(103): warning:  #1295-D: Deprecated declaration turn_right_angle - give arg types
  void turn_right_angle();//根据灰度转角
..\User\applications\track.c(13): warning:  #177-D: variable "i"  was declared but never referenced
  	u8 i;
..\User\applications\track.c(16): warning:  #177-D: variable "All_Channel"  was declared but never referenced
  	int All_Channel = 0;   //灰度值总和
..\User\applications\track.c(17): warning:  #177-D: variable "All_Result"  was declared but never referenced
  	int All_Result = 0;    //处理过后的灰度总和
..\User\applications\track.c(18): warning:  #177-D: variable "Finall_Result"  was declared but never referenced
  	int Finall_Result = 0; //最终处理值
..\User\applications\track.c(771): warning:  #177-D: variable "i"  was declared but never referenced
  	u8 i;
..\User\applications\track.c(774): warning:  #177-D: variable "All_Channel"  was declared but never referenced
  	int All_Channel = 0;   //灰度值总和
..\User\applications\track.c(775): warning:  #177-D: variable "All_Result"  was declared but never referenced
  	int All_Result = 0;    //处理过后的灰度总和
..\User\applications\track.c(776): warning:  #177-D: variable "Finall_Result"  was declared but never referenced
  	int Finall_Result = 0; //最终处理值
..\User\applications\track.c(1151): warning:  #177-D: variable "i"  was declared but never referenced
  	u8 i;
..\User\applications\track.c(1154): warning:  #177-D: variable "All_Channel"  was declared but never referenced
  	int All_Channel = 0;   //灰度值总和
..\User\applications\track.c(1155): warning:  #177-D: variable "All_Result"  was declared but never referenced
  	int All_Result = 0;    //处理过后的灰度总和
..\User\applications\track.c(1156): warning:  #177-D: variable "Finall_Result"  was declared but never referenced
  	int Finall_Result = 0; //最终处理值
..\User\applications\track.c(1285): warning:  #177-D: variable "time"  was declared but never referenced
  		int time=224*4.0;
..\User\applications\track.c(1614): warning:  #68-D: integer conversion resulted in a change of sign
  		motor_time(200,-400,-400);//
..\User\applications\track.c(1614): warning:  #68-D: integer conversion resulted in a change of sign
  		motor_time(200,-400,-400);//
..\User\applications\track.c(1625): warning:  #177-D: variable "i"  was declared but never referenced
  	u8 i;
..\User\applications\track.c(1628): warning:  #177-D: variable "All_Channel"  was declared but never referenced
  	int All_Channel = 0;   //灰度值总和
..\User\applications\track.c(1629): warning:  #177-D: variable "All_Result"  was declared but never referenced
  	int All_Result = 0;    //处理过后的灰度总和
..\User\applications\track.c(1630): warning:  #177-D: variable "Finall_Result"  was declared but never referenced
  	int Finall_Result = 0; //最终处理值
..\User\applications\track.c(1675): warning:  #177-D: variable "i"  was declared but never referenced
  	u8 i;
..\User\applications\track.c(1678): warning:  #177-D: variable "All_Channel"  was declared but never referenced
  	int All_Channel = 0;   //灰度值总和
..\User\applications\track.c(1679): warning:  #177-D: variable "All_Result"  was declared but never referenced
  	int All_Result = 0;    //处理过后的灰度总和
..\User\applications\track.c(1680): warning:  #177-D: variable "Finall_Result"  was declared but never referenced
  	int Finall_Result = 0; //最终处理值
..\User\applications\track.c(2025): warning:  #177-D: variable "flag"  was declared but never referenced
  	rt_uint16_t flag=0;
..\User\applications\track.c: 25 warnings, 0 errors
compiling misc.c...
compiling stm32f4xx_adc.c...
compiling stm32f4xx_cryp.c...
compiling stm32f4xx_can.c...
compiling stm32f4xx_cryp_tdes.c...
compiling stm32f4xx_crc.c...
compiling stm32f4xx_cryp_aes.c...
compiling stm32f4xx_cryp_des.c...
compiling stm32f4xx_dac.c...
compiling stm32f4xx_hash.c...
compiling stm32f4xx_flash.c...
compiling stm32f4xx_dbgmcu.c...
compiling stm32f4xx_gpio.c...
compiling stm32f4xx_exti.c...
compiling stm32f4xx_dcmi.c...
compiling stm32f4xx_fsmc.c...
compiling stm32f4xx_dma.c...
compiling stm32f4xx_iwdg.c...
compiling stm32f4xx_hash_md5.c...
compiling stm32f4xx_rng.c...
compiling stm32f4xx_rcc.c...
compiling stm32f4xx_hash_sha1.c...
compiling stm32f4xx_rtc.c...
compiling stm32f4xx_pwr.c...
compiling stm32f4xx_i2c.c...
compiling clock.c...
compiling components.c...
compiling device.c...
compiling stm32f4xx_usart.c...
compiling stm32f4xx_sdio.c...
compiling system_stm32f4xx.c...
compiling stm32f4xx_wwdg.c...
compiling stm32f4xx_spi.c...
compiling stm32f4xx_syscfg.c...
compiling idle.c...
compiling mempool.c...
compiling irq.c...
compiling memheap.c...
compiling stm32f4xx_tim.c...
compiling mem.c...
compiling kservice.c...
compiling module.c...
compiling ipc.c...
compiling timer.c...
compiling signal.c...
compiling cpuport.c...
compiling slab.c...
compiling backtrace.c...
compiling object.c...
compiling scheduler.c...
compiling pin.c...
compiling serial.c...
compiling ringbuffer.c...
compiling dataqueue.c...
compiling showmem.c...
compiling pipe.c...
compiling completion.c...
compiling cmd.c...
compiling finsh_init.c...
compiling finsh_compiler.c...
compiling workqueue.c...
compiling finsh_error.c...
compiling thread.c...
compiling waitqueue.c...
compiling finsh_heap.c...
compiling finsh_token.c...
compiling msh_cmd.c...
compiling finsh_node.c...
compiling finsh_ops.c...
compiling finsh_vm.c...
compiling msh.c...
compiling finsh_var.c...
compiling finsh_parser.c...
compiling msh_file.c...
compiling shell.c...
compiling symbol.c...
linking...
Program Size: Code=74808 RO-data=8732 RW-data=928 ZI-data=20944  
".\Objects\robot.axf" - 0 Error(s), 46 Warning(s).
Build Time Elapsed:  00:00:23
